<?xml version="1.0" encoding="UTF-8"?>
<!-- Generated by org.testng.reporters.JUnitReportReporter -->
<testsuite skipped="0" hostname="DESKTOP-NJF3LK0" name="org.test.AdactinHome" tests="1" failures="0" timestamp="13 Sep 2020 13:25:32 GMT" time="6.197" errors="0">
  <testcase name="tc1" time="6.197" classname="org.test.AdactinHome"/>
</testsuite> <!-- org.test.AdactinHome -->
