<?xml version="1.0" encoding="UTF-8"?>
<!-- Generated by org.testng.reporters.JUnitReportReporter -->
<testsuite skipped="0" hostname="DESKTOP-NJF3LK0" name="org.test.ThirdPage" tests="1" failures="0" timestamp="13 Sep 2020 13:23:40 GMT" time="1.079" errors="0">
  <testcase name="tc6" time="1.079" classname="org.test.ThirdPage"/>
</testsuite> <!-- org.test.ThirdPage -->
